{"card_no": "431121198907177433", "passenger_type": "1", "card_type": "2", "country_code": "CN", "mobile_no": "15011111111", "born_date": "2000-01-01", "sex_code": "M", "name": "\u51fa\u751f\u65e5"}
...................................................
{"country_code": "CN", "card_type": "2", "card_no": "431121198907177433", "mobile_no": "15011111111", "sex_code": "M", "name": "\u809d\u538b\u9876", "passenger_type": "1", "born_date": "2000-01-01"}
...................................................
{"passenger_type": "1", "country_code": "CN", "card_no": "431121198907177432", "born_date": "2000-01-01", "sex_code": "M", "mobile_no": "15011706040", "card_type": "2", "name": "\u8108\u963b\u6320"}
...................................................
{"passenger_type": "1", "card_type": "2", "mobile_no": "15033040404", "sex_code": "M", "card_no": "431121198907177432", "born_date": "2000-01-01", "name": "\u514b\u592b\u538b", "country_code": "CN"}
...................................................
{"passenger_type": "1", "card_type": "2", "mobile_no": "15033040404", "sex_code": "M", "card_no": "431121198907177432", "born_date": "2000-01-01", "name": "\u514b\u592b\u538b", "country_code": "CN"}
...................................................
{"card_no": "431121198907177432", "card_type": "2", "country_code": "CN", "mobile_no": "13600004343", "sex_code": "M", "passenger_type": "1", "name": "\u593a\u5728\u593a", "born_date": "2000-01-01"}
...................................................
{"card_no": "431121198907177432", "card_type": "2", "passenger_id_no": "431121198907177432", "passenger_type_name": "\u6210\u4eba", "country_code": "CN", "sex_code": "M", "passenger_type": "1", "passenger_id_type_name": "\u4e00\u4ee3\u8eab\u4efd\u8bc1", "mobile_no": "13600004343", "passenger_name": "\u593a\u5728\u593a", "name": "\u593a\u5728\u593a", "sex_name": "\u7537", "born_date": "2000-01-01"}
####################################################


{"sex_code": "M", "card_type": "1", "name": "\u5727", "mobile_no": "13634343434", "passenger_type": "1", "born_date": "2000-01-01", "country_code": "CN", "card_no": "431121198907177432"}
...................................................
{"card_type": "1", "country_code": "CN", "passenger_id_no": "431121198907177432", "sex_name": "\u7537", "sex_code": "M", "passenger_id_type_name": "\u4e8c\u4ee3\u8eab\u4efd\u8bc1", "passenger_name": "\u5727", "name": "\u5727", "passenger_type": "1", "passenger_type_name": "\u6210\u4eba", "card_no": "431121198907177432", "born_date": "2000-01-01", "mobile_no": "13634343434"}
####################################################


{"mobile_no": "15011111111", "country_code": "CN", "card_type": "1", "card_no": "431121198907177423", "born_date": "2000-01-01", "name": "\u684d\u593a\u593a", "passenger_type": "1", "sex_code": "M"}
...................................................
{"mobile_no": "13664654645", "country_code": "CN", "card_type": "1", "card_no": "431121198907177423", "born_date": "2000-01-01", "name": "\u684d\u593a\u593a", "passenger_type": "1", "sex_code": "M"}
...................................................
{"mobile_no": "13664654645", "country_code": "CN", "card_type": "1", "card_no": "431121198907177432", "born_date": "1989-07-17", "name": "\u684d\u593a\u593a", "passenger_type": "1", "sex_code": "M"}
...................................................
{"mobile_no": "13664654645", "country_code": "CN", "passenger_id_no": "431121198907177432", "card_type": "1", "card_no": "431121198907177432", "name": "\u684d\u593a\u593a", "passenger_type_name": "\u6210\u4eba", "born_date": "1989-07-17", "sex_name": "\u7537", "passenger_id_type_name": "\u4e8c\u4ee3\u8eab\u4efd\u8bc1", "passenger_name": "\u684d\u593a\u593a", "passenger_type": "1", "sex_code": "M"}
####################################################


{"sex_code": "M", "name": "\u5727\u5728\u5728", "country_code": "CN", "mobile_no": "15018649549", "born_date": "2000-01-01", "passenger_type": "1", "card_type": "1", "card_no": "431121198907177432"}
...................................................
{"passenger_name": "\u5727\u5728\u5728", "passenger_id_type_name": "\u4e8c\u4ee3\u8eab\u4efd\u8bc1", "card_type": "1", "mobile_no": "15018649549", "sex_code": "M", "name": "\u5727\u5728\u5728", "country_code": "CN", "passenger_type_name": "\u6210\u4eba", "passenger_id_no": "431121198907177432", "sex_name": "\u7537", "born_date": "2000-01-01", "card_no": "431121198907177432", "passenger_type": "1"}
####################################################


{"sex_code": "M", "card_type": "1", "born_date": "2000-01-01", "name": "\u597d\u554a\u554a", "mobile_no": "15011704088", "passenger_type": "1", "country_code": "CN", "card_no": "4311211989071774232"}
...................................................
{"sex_code": "M", "card_type": "1", "born_date": "1989-07-17", "name": "\u597d\u554a\u554a", "mobile_no": "15011704088", "passenger_type": "1", "country_code": "CN", "card_no": "431121198907177432"}
...................................................
{"sex_code": "M", "card_type": "1", "passenger_type_name": "\u6210\u4eba", "name": "\u597d\u554a\u554a", "passenger_name": "\u597d\u554a\u554a", "passenger_id_no": "431121198907177432", "sex_name": "\u7537", "passenger_type": "1", "passenger_id_type_name": "\u4e8c\u4ee3\u8eab\u4efd\u8bc1", "born_date": "1989-07-17", "card_no": "431121198907177432", "mobile_no": "15011704088", "country_code": "CN"}
####################################################


{"sex_code": "M", "card_type": "1", "born_date": "1989-07-17", "name": "\u597d\u554a", "mobile_no": "15011704088", "passenger_type": "1", "country_code": "CN", "card_no": "431121198907177432"}
...................................................
{"sex_code": "M", "card_type": "1", "passenger_type_name": "\u6210\u4eba", "name": "\u597d\u554a", "passenger_name": "\u597d\u554a", "passenger_id_no": "431121198907177432", "sex_name": "\u7537", "passenger_type": "1", "passenger_id_type_name": "\u4e8c\u4ee3\u8eab\u4efd\u8bc1", "born_date": "1989-07-17", "card_no": "431121198907177432", "mobile_no": "15011704088", "country_code": "CN"}
####################################################


