
============= MEMWATCH 2.71 Copyright (C) 1992-1999 Johan Lindh =============

Started at Sun Mar 27 20:03:54 2016

Modes: __STDC__ 64-bit mwDWORD==(unsigned long)
mwROUNDALLOC==8 sizeof(mwData)==32 mwDataSize==32


Stopped at Sun Mar 27 20:03:54 2016

unfreed: <9> main.c(24), 50 bytes at 0x86ad718  	{FE FE FE FE FE FE FE FE FE FE FE FE FE FE FE FE ................}
unfreed: <6> main.c(24), 50 bytes at 0x86ad288  	{FE FE FE FE FE FE FE FE FE FE FE FE FE FE FE FE ................}
unfreed: <1> main.c(18), 100 bytes at 0x86ad1f0  	{FE FE FE FE FE FE FE FE FE FE FE FE FE FE FE FE ................}

Memory usage statistics (global):
 N)umber of allocations made: 7
 L)argest memory usage      : 300
 T)otal of all alloc() calls: 550
 U)nfreed bytes totals      : 200

============= MEMWATCH 2.71 Copyright (C) 1992-1999 Johan Lindh =============

Started at Sun Mar 27 20:07:25 2016

Modes: __STDC__ 64-bit mwDWORD==(unsigned long)
mwROUNDALLOC==8 sizeof(mwData)==32 mwDataSize==32


Stopped at Sun Mar 27 20:07:25 2016

unfreed: <9> main.c(24), 50 bytes at 0x9ac0718  	{FE FE FE FE FE FE FE FE FE FE FE FE FE FE FE FE ................}
unfreed: <6> main.c(24), 50 bytes at 0x9ac0288  	{FE FE FE FE FE FE FE FE FE FE FE FE FE FE FE FE ................}
unfreed: <1> main.c(18), 100 bytes at 0x9ac01f0  	{FE FE FE FE FE FE FE FE FE FE FE FE FE FE FE FE ................}

Memory usage statistics (global):
 N)umber of allocations made: 7
 L)argest memory usage      : 300
 T)otal of all alloc() calls: 550
 U)nfreed bytes totals      : 200
